<?xml version="1.0" encoding="UTF-8"?>
<testng-results ignored="0" total="1" passed="1" failed="0" skipped="0">
  <reporter-output>
  </reporter-output>
  <suite started-at="2023-03-31T17:24:21 IST" name="Default suite" finished-at="2023-03-31T17:24:22 IST" duration-ms="184">
    <groups>
    </groups>
    <test started-at="2023-03-31T17:24:21 IST" name="Default test" finished-at="2023-03-31T17:24:22 IST" duration-ms="184">
      <class name="test.ParameterAtCmd">
        <test-method signature="param()[pri:0, instance:test.ParameterAtCmd@22ef9844]" started-at="2023-03-31T17:24:22 IST" name="param" finished-at="2023-03-31T17:24:22 IST" duration-ms="58" status="PASS">
          <reporter-output>
          </reporter-output>
        </test-method> <!-- param -->
      </class> <!-- test.ParameterAtCmd -->
    </test> <!-- Default test -->
  </suite> <!-- Default suite -->
</testng-results>
