<?xml version="1.0" encoding="UTF-8"?>
<testng-results ignored="0" total="1" passed="1" failed="0" skipped="0">
  <reporter-output>
  </reporter-output>
  <suite started-at="2023-04-05T10:18:27 IST" name="Default suite" finished-at="2023-04-05T10:18:27 IST" duration-ms="232">
    <groups>
    </groups>
    <test started-at="2023-04-05T10:18:27 IST" name="Default test" finished-at="2023-04-05T10:18:27 IST" duration-ms="232">
      <class name="test.MavenGit">
        <test-method signature="gitTest()[pri:0, instance:test.MavenGit@614ca7df]" started-at="2023-04-05T10:18:27 IST" name="gitTest" finished-at="2023-04-05T10:18:27 IST" duration-ms="100" status="PASS">
          <reporter-output>
          </reporter-output>
        </test-method> <!-- gitTest -->
      </class> <!-- test.MavenGit -->
    </test> <!-- Default test -->
  </suite> <!-- Default suite -->
</testng-results>
